<html>
<body>
<pre>
<h1>µVision Build Log</h1>
<h2>Project:</h2>
D:\Firmware-Projects\STK3700\RTOS-TEST\RTOS-TEST\uv4\RTOS-TEST.uvproj
Project File Date:  09/29/2017

<h2>Output:</h2>
Build target 'Target 1'
compiling main.c...
..\src\main.c(264): warning:  #1-D: last line of file ends without a newline
        
..\src\main.c: 1 warning, 0 errors
linking...
Program Size: Code=23016 RO-data=1200 RW-data=112 ZI-data=28416  
".\RTOS-TEST.axf" - 0 Error(s), 1 Warning(s).
Load "D:\\Firmware-Projects\\STK3700\\RTOS-TEST\\RTOS-TEST\\uv4\\RTOS-TEST.axf" 
Set JLink Project File to "D:\Firmware-Projects\STK3700\RTOS-TEST\RTOS-TEST\uv4\JLinkSettings.ini"
* JLink Info: Device "EFM32GG980F1024" selected (1026 KB flash, 128 KB RAM).
 
JLink info:
------------
DLL: V4.80g, compiled Feb 13 2014 20:50:02
Firmware: Energy Micro EFM32 compiled Nov 13 2013 12:57:45
Hardware: V7.00
S/N : 440078441 
Feature(s) : GDB 
 
* JLink Info: Found SWD-DP with ID 0x2BA01477
* JLink Info: Found Cortex-M3 r2p1, Little endian.
* JLink Info: FPUnit: 6 code (BP) slots and 2 literal slots
* JLink Info: TPIU fitted.
* JLink Info: ETM fitted.
ROMTableAddr = 0xE00FF003
 
Target info:
------------
Device: EFM32GG980F1024
VTarget = 3.303V
State of Pins: 
TCK: 0, TDI: 0, TDO: 1, TMS: 1, TRES: 1, TRST: 1
Hardware-Breakpoints: 6
Software-Breakpoints: 8192
Watchpoints:          4
JTAG speed: 2000 kHz
 
Erase Done.
Programming Done.
Verify OK.
Application running ...
..\lib\drivers\segmentlcd.c(642): error:  #20: identifier "EFM_Display" is undefined
        bit = EFM_Display.Number[digit].bit[i];
..\..\lib\drivers\segmentlcd.c(826): error:  #20: identifier "EFM_Display" is undefined
        bit = EFM_Display.Number[digit].bit[i];
..\..\lib\drivers\segmentlcd.c(881): error:  #20: identifier "EFM_Display" is undefined
        bit = EFM_Display.Text[index].bit[i];
..\..\lib\drivers\segmentlcd.c(927): error:  #20: identifier "EFM_Display" is undefined
          bit = EFM_Display.TopBlocks[index].bit[i];
..\..\lib\drivers\segmentlcd.c(947): error:  #20: identifier "EFM_Display" is undefined
          bit = EFM_Display.BotBlocks[index].bit[i];
..\..\lib\drivers\segmentlcd.c(155): warning:  #177-D: variable "a" was declared but never referenced
  static const MCU_DISPLAY a = EFM_DISPLAY_DEF;
..\..\lib\drivers\segmentlcd.c: 1 warning, 15 errors
".\RTOS-TEST.axf" - 15 Error(s), 1 Warning(s).
Target not created

        .bit[4] = 17, .bit[5] = 17, .bit[6] = 17, .bit[7] = 17,\
..\..\lib\drivers\segmentlcd.c(181): error:  #29: expected an expression
        .bit[4] = 17, .bit[5] = 17, .bit[6] = 17, .bit[7] = 17,\
..\..\lib\drivers\segmentlcd.c(181): error:  #29: expected an expression
        .bit[4] = 17, .bit[5] = 17, .bit[6] = 17, .bit[7] = 17,\
..\..\lib\drivers\segmentlcd.c(182): error:  #29: expected an expression
        .com[8] = 3, .com[9] = 2, .com[10] = 4, .com[11] = 6,\
..\..\lib\drivers\segmentlcd.c(182): error:  #29: expected an expression
        .com[8] = 3, .com[9] = 2, .com[10] = 4, .com[11] = 6,\
..\..\lib\drivers\segmentlcd.c(182): error:  #29: expected an expression
        .com[8] = 3, .com[9] = 2, .com[10] = 4, .com[11] = 6,\
..\..\lib\drivers\segmentlcd.c(182): error:  #29: expected an expression
        .com[8] = 3, .com[9] = 2, .com[10] = 4, .com[11] = 6,\
..\..\lib\drivers\segmentlcd.c(183): error:  #29: expected an expression
        .bit[8] = 18, .bit[9] = 18, .bit[10] = 18, .bit[11] = 18,\
..\..\lib\drivers\segmentlcd.c(183): error:  #29: expected an expression
        .bit[8] = 18, .bit[9] = 18, .bit[10] = 18, .bit[11] = 18,\
..\..\lib\drivers\segmentlcd.c(183): error:  #29: expected an expression
        .bit[8] = 18, .bit[9] = 18, .bit[10] = 18, .bit[11] = 18,\
..\..\lib\drivers\segmentlcd.c(183): error:  #29: expected an expression
        .bit[8] = 18, .bit[9] = 18, .bit[10] = 18, .bit[11] = 18,\
..\..\lib\drivers\segmentlcd.c(184): error:  #29: expected an expression
        .com[12] = 5, .com[13] = 6,\
..\..\lib\drivers\segmentlcd.c(184): error:  #29: expected an expression
        .com[12] = 5, .com[13] = 6,\
..\..\lib\drivers\segmentlcd.c(185): error:  #29: expected an expression
        .bit[12] = 17, .bit[13] = 17\
..\..\lib\drivers\segmentlcd.c(185): error:  #29: expected an expression
        .bit[12] = 17, .bit[13] = 17\
..\..\lib\drivers\segmentlcd.c: 1 warning, 30 errors
".\RTOS-TEST.axf" - 30 Error(s), 1 Warning(s).
Target not created
